<?xml version="1.0" encoding="UTF-8"?>
<!-- Generated by org.testng.reporters.JUnitReportReporter -->
<testsuite hostname="JBNAIK" failures="0" tests="1" name="mavenpackage.RegTEST" time="0.008" errors="0" timestamp="2022-11-16T09:36:30 IST" skipped="0">
  <testcase classname="mavenpackage.RegTEST" name="rergister" time="0.008"/>
  <system-out/>
</testsuite> <!-- mavenpackage.RegTEST -->
