<?xml version="1.0" encoding="UTF-8"?>
<!-- Generated by org.testng.reporters.JUnitReportReporter -->
<testsuite hostname="JBNAIK" failures="0" tests="1" name="mavenpackage.Logout" time="0.001" errors="0" timestamp="2022-11-16T09:36:30 IST" skipped="0">
  <testcase classname="mavenpackage.Logout" name="logout" time="0.001"/>
  <system-out/>
</testsuite> <!-- mavenpackage.Logout -->
