<?xml version="1.0" encoding="UTF-8"?>
<!-- Generated by org.testng.reporters.JUnitReportReporter -->
<testsuite hostname="JBNAIK" failures="0" tests="1" name="mavenpackage.LoginTest" time="0.002" errors="0" timestamp="2022-11-16T09:36:30 IST" skipped="0">
  <testcase classname="mavenpackage.LoginTest" name="login" time="0.002"/>
  <system-out/>
</testsuite> <!-- mavenpackage.LoginTest -->
